2025-09-23 19:12:29,841 [INFO] Inicio del proceso ETL
2025-09-23 19:12:29,843 [INFO] La BD ya existe: ..\data\lab2.db
2025-09-23 19:12:29,844 [INFO] La tabla 'etl_monitor' ya existe.
2025-09-23 19:12:29,845 [INFO] La tabla 'alumnos' ya existe.
2025-09-23 19:12:29,845 [INFO] La tabla 'calificaciones' ya existe.
2025-09-23 19:12:29,845 [INFO] La tabla 'matriculas' ya existe.
2025-09-23 19:12:29,846 [ERROR] Error en la corrida ETL: too many values to unpack (expected 2)
2025-09-23 19:15:39,995 [INFO] Inicio del proceso ETL
2025-09-23 19:15:39,998 [INFO] La BD ya existe: ..\data\lab2.db
2025-09-23 19:15:39,999 [INFO] La tabla 'etl_monitor' ya existe.
2025-09-23 19:15:39,999 [INFO] La tabla 'alumnos' ya existe.
2025-09-23 19:15:39,999 [INFO] La tabla 'calificaciones' ya existe.
2025-09-23 19:15:40,010 [INFO] La tabla 'matriculas' ya existe.
2025-09-23 19:15:40,017 [INFO] CSV cargado correctamente: alumnos.csv
2025-09-23 19:15:40,034 [INFO] XML cargado correctamente con ElementTree: matriculas.xml
2025-09-23 19:15:40,040 [INFO] JSON cargado correctamente: calificaciones.json
2025-09-23 19:15:40,046 [INFO] Transformación - Creación de Correos Faltantes: 3
2025-09-23 19:15:40,096 [INFO] 8 registros insertados en tabla 'alumnos'
2025-09-23 19:15:40,137 [INFO] 13 registros insertados en tabla 'calificaciones'
2025-09-23 19:15:40,177 [INFO] 8 registros insertados en tabla 'matriculas'
2025-09-23 19:15:40,194 [INFO] Fin del proceso ETL Satisfactoriamente
